-- Start the update 21.06.2023 19:18:14,95 -- 

-- Completion of the inactive terminal sessions -- 

-- Shutdown users -- 

-- Creating a backup -- 
Backup file: \\192.168.2.1\e\1C\bat-backup\ТимбэДистрибуция_2023-06-21.dt 

-- Configuration update -- 
Update file: C:\Users\user\AppData\Roaming\1C\1cv8\tmplts\1c\AccountingBase\3_0_137_39\1cv8.cfu 

-- Information base update -- 

-- Unlock database -- 

-- END of update 21.06.2023 19:18:23,84 -- 
-- Start the update 21.06.2023 19:19:50,81 -- 

-- Completion of the inactive terminal sessions -- 

-- Shutdown users -- 
﻿
-- Creating a backup -- 
Backup file: \\192.168.2.1\e\1C\bat-backup\ТимбэДистрибуция_2023-06-21.dt 
﻿-- Start the update 21.06.2023 19:29:14,05 -- 

-- Completion of the inactive terminal sessions -- 

-- Shutdown users -- 
﻿
-- Creating a backup -- 
Backup file: \\192.168.2.1\e\1С\bat-backup\ТимбэДистрибуция_2023-06-21.dt 

-- Configuration update -- 
Update file: C:\Users\user\AppData\Roaming\1C\1cv8\tmplts\1c\AccountingBase\3_0_137_39\1cv8.cfu 
-- Start the update 21.06.2023 19:30:07,42 -- 

-- Completion of the inactive terminal sessions -- 

-- Shutdown users -- 
﻿
-- Creating a backup -- 
Backup file: \\192.168.2.1\e\1С\bat-backup\ТимбэДистрибуция_2023-06-21.dt 
﻿Выгрузка информационной базы успешно завершена

-- Configuration update -- 
Update file: C:\Users\user\AppData\Roaming\1C\1cv8\tmplts\1c\AccountingBase\3_0_137_39\1cv8.cfu 
﻿
-- Information base update -- 
﻿
-- Unlock database -- 

-- END of update 21.06.2023 19:50:31,72 -- 

-- Start the update 21.06.2023 19:57:32,28 -- 

-- Completion of the inactive terminal sessions -- 

-- Shutdown users -- 
﻿
-- Configuration update -- 
Update file: C:\Users\user\AppData\Roaming\1C\1cv8\tmplts\1c\AccountingBase\3_0_137_39\1cv8.cfu 
﻿-- Start the update 21.06.2023 20:02:26,60 -- 

-- Completion of the inactive terminal sessions -- 

-- Shutdown users -- 
﻿
-- Configuration update -- 
Update file: C:\Users\user\AppData\Roaming\1C\1cv8\tmplts\1c\AccountingBase\3_0_137_39\1cv8.cfu 
﻿
-- Information base update -- 
﻿
-- Unlock database -- 

-- END of update 21.06.2023 20:09:07,32 -- 

-- Start the update 21.06.2023 20:09:11,58 -- 

-- Completion of the inactive terminal sessions -- 

-- Shutdown users -- 
﻿
-- Configuration update -- 
Update file: C:\Users\user\AppData\Roaming\1C\1cv8\tmplts\1c\AccountingBase\3_0_137_39\1cv8.cfu 
﻿
-- Information base update -- 
﻿
-- Unlock database -- 

-- END of update 21.06.2023 20:12:59,25 -- 

-- Start the update 21.06.2023 20:15:34,88 -- 

-- Completion of the inactive terminal sessions -- 

-- Shutdown users -- 
﻿
-- Configuration update -- 
Update file: C:\Users\user\AppData\Roaming\1C\1cv8\tmplts\1c\AccountingBase\3_0_137_39\1cv8.cfu 
﻿
-- Unlock database -- 

-- END of update 21.06.2023 20:19:00,71 -- 

-- Start the update 21.06.2023 20:19:26,63 -- 

-- Completion of the inactive terminal sessions -- 

-- Shutdown users -- 
﻿
-- Configuration update -- 
Update file: C:\Users\user\AppData\Roaming\1C\1cv8\tmplts\1c\AccountingBase\3_0_137_39\1cv8.cfu 
﻿
-- Unlock database -- 

-- END of update 21.06.2023 20:22:38,27 -- 

-- Start the update 21.06.2023 20:24:47,33 -- 

-- Completion of the inactive terminal sessions -- 

-- Shutdown users -- 
﻿
-- Configuration update -- 
Update file: C:\Users\user\AppData\Roaming\1C\1cv8\tmplts\1c\AccountingBase\3_0_137_39\1cv8.cfu 
﻿Обновление конфигурации успешно завершено
Запрещено использование окон. Передан ключ DisableStartupDialogs.

-- Unlock database -- 
﻿Запрещено использование окон. Передан ключ DisableStartupDialogs.

-- END of update 21.06.2023 20:46:28,89 -- 

-- Start the update 21.06.2023 21:02:15,53 -- 

-- Completion of the inactive terminal sessions -- 

-- Shutdown users -- 
﻿Начало сеанса с информационной базой запрещено.
Для администратора:
Для того чтобы разрешить работу пользователей, воспользуйтесь консолью кластера серверов или запустите "1С:Предприятие" с параметрами:
ENTERPRISE /F"\\192.168.2.1\e\1С\TimberDis" /CРазрешитьРаботуПользователей /UC

-- Configuration update -- 
Update file: C:\Users\user\AppData\Roaming\1C\1cv8\tmplts\1c\AccountingBase\3_0_137_39\1cv8.cfu 
﻿Файл не содержит доступных обновлений

-- Background Finish -- 
Update file: C:\Users\user\AppData\Roaming\1C\1cv8\tmplts\1c\AccountingBase\3_0_137_39\1cv8.cfu 
﻿
-- Unlock database -- 
﻿Запрещено использование окон. Передан ключ DisableStartupDialogs.

-- END of update 21.06.2023 21:03:18,53 -- 

